<?xml version="1.0" encoding="UTF-8"?>
<!-- Generated by org.testng.reporters.JUnitXMLReporter -->
<testsuite ignored="2" hostname="DESKTOP-5TN5CVM" failures="0" tests="2" name="Default test" time="0.935" errors="0" timestamp="2025-04-17T14:58:53 EET">
  <testcase classname="myTaskClass" name="Login" time="0.156"/>
  <testcase classname="myTaskClass" name="PrintItemsFirstLetter" time="0.049"/>
  <testcase classname="myTaskClass" name="RemoveAllItemsFromCart" time="0.0">
    <ignored/>
  </testcase> <!-- RemoveAllItemsFromCart -->
  <testcase classname="myTaskClass" name="AddAllItemsToCart" time="0.0">
    <ignored/>
  </testcase> <!-- AddAllItemsToCart -->
</testsuite> <!-- Default test -->
